
---2025-08-28 19:41:47---
Array
(
    [titulo] => ASSISTENTE ADMINISTRATIVO
    [descricao] => 
    [requisitos] => 
)

---2025-08-28 19:46:08---
Array
(
    [titulo] => ASSISTENTE ADMINISTRATIVO
    [descricao] => 
    [requisitos] => 
)

---2025-08-28 19:46:39---
Array
(
    [titulo] => ASSISTENTE ADMINISTRATIVO
    [descricao] => 
    [requisitos] => 
)

---2025-08-28 19:52:37---
Array
(
    [titulo] => ASSISTENTE ADMINISTRATIVO
    [descricao] => 
    [requisitos] => 
)

---2025-08-28 19:54:27---
Array
(
    [titulo] => ASSISTENTE ADMINISTRATIVO
    [setor] => 23
    [descricao] => 
    [requisitos] => 
)

---2025-08-28 20:19:35---
Array
(
    [titulo] => ASSISTENTE DE LOGISTICA
    [setor] => 11
    [descricao] => <p>ASSISTENTE DE LOGISTICA</p>
    [requisitos] => <p>ASSISTENTE DE LOGISTICA</p>
)
